This is pdfTeX, Version 3.14159265-2.6-1.40.15 (TeX Live 2015/dev/Debian) (preloaded format=pdflatex 2015.5.3)  8 MAY 2015 18:31
entering extended mode
 restricted \write18 enabled.
 %&-line parsing enabled.
**PlanePaper.tex
(./PlanePaper.tex
LaTeX2e <2014/05/01>
Babel <3.9l> and hyphenation patterns for 2 languages loaded.
(./mn2e.cls
Document Class: mn2e 2001/02/06 v2.2 LaTeX2e MN document class
Document Style `MN' v2.2, released 2001 February 20
\math@groups=\toks14
LaTeX Font Info:    Overwriting symbol font `symbols' in version `bold'
(Font)                  OMS/cmsy/b/n --> OMS/cmsy/b/n on input line 223.
\symbmisymbols=\mathgroup4
\symUPM=\mathgroup5
LaTeX Font Info:    Overwriting symbol font `UPM' in version `bold'
(Font)                  U/eur/m/n --> U/eur/b/n on input line 260.
\symAMSa=\mathgroup6
\SFB@measure=\dimen102
\realparindent=\skip41
\c@part=\count79
\c@section=\count80
\c@subsection=\count81
\c@subsubsection=\count82
\c@paragraph=\count83
\c@subparagraph=\count84
\@indentskip=\skip42
\smallindent=\skip43
\@footindent=\skip44
\@leftskip=\skip45
\c@dummy=\count85
(/usr/share/texlive/texmf-dist/tex/latex/natbib/natbib.sty
Package: natbib 2010/09/13 8.31b (PWD, AO)
\bibhang=\skip46
\bibsep=\skip47
LaTeX Info: Redefining \cite on input line 694.
\c@NAT@ctr=\count86
)
\c@table=\count87
\c@figure=\count88
\mathindent=\dimen103
)
(/usr/share/texlive/texmf-dist/tex/latex/graphics/graphicx.sty
Package: graphicx 2014/04/25 v1.0g Enhanced LaTeX Graphics (DPC,SPQR)

(/usr/share/texlive/texmf-dist/tex/latex/graphics/keyval.sty
Package: keyval 2014/05/08 v1.15 key=value parser (DPC)
\KV@toks@=\toks15
)
(/usr/share/texlive/texmf-dist/tex/latex/graphics/graphics.sty
Package: graphics 2009/02/05 v1.0o Standard LaTeX Graphics (DPC,SPQR)

(/usr/share/texlive/texmf-dist/tex/latex/graphics/trig.sty
Package: trig 1999/03/16 v1.09 sin cos tan (DPC)
)
(/usr/share/texlive/texmf-dist/tex/latex/latexconfig/graphics.cfg
File: graphics.cfg 2010/04/23 v1.9 graphics configuration of TeX Live
)
Package graphics Info: Driver file: pdftex.def on input line 91.

(/usr/share/texlive/texmf-dist/tex/latex/pdftex-def/pdftex.def
File: pdftex.def 2011/05/27 v0.06d Graphics/color for pdfTeX

(/usr/share/texlive/texmf-dist/tex/generic/oberdiek/infwarerr.sty
Package: infwarerr 2010/04/08 v1.3 Providing info/warning/error messages (HO)
)
(/usr/share/texlive/texmf-dist/tex/generic/oberdiek/ltxcmds.sty
Package: ltxcmds 2011/11/09 v1.22 LaTeX kernel commands for general use (HO)
)
\Gread@gobject=\count89
))
\Gin@req@height=\dimen104
\Gin@req@width=\dimen105
)

! LaTeX Error: File `subfigure.sty' not found.

Type X to quit or <RETURN> to proceed,
or enter new name. (Default extension: sty)

Enter file name: 
(/usr/share/texlive/texmf-dist/tex/latex/amsmath/amsmath.sty
Package: amsmath 2013/01/14 v2.14 AMS math features
\@mathmargin=\skip48

For additional information on amsmath, use the `?' option.
(/usr/share/texlive/texmf-dist/tex/latex/amsmath/amstext.sty
Package: amstext 2000/06/29 v2.01

(/usr/share/texlive/texmf-dist/tex/latex/amsmath/amsgen.sty
File: amsgen.sty 1999/11/30 v2.0
\@emptytoks=\toks16
\ex@=\dimen106
))
(/usr/share/texlive/texmf-dist/tex/latex/amsmath/amsbsy.sty
Package: amsbsy 1999/11/29 v1.2d
\pmbraise@=\dimen107
)
(/usr/share/texlive/texmf-dist/tex/latex/amsmath/amsopn.sty
Package: amsopn 1999/12/14 v2.01 operator names
)
\inf@bad=\count90
LaTeX Info: Redefining \frac on input line 210.
\uproot@=\count91
\leftroot@=\count92
LaTeX Info: Redefining \overline on input line 306.
\classnum@=\count93
\DOTSCASE@=\count94
LaTeX Info: Redefining \ldots on input line 378.
LaTeX Info: Redefining \dots on input line 381.
LaTeX Info: Redefining \cdots on input line 466.
\Mathstrutbox@=\box26
\strutbox@=\box27
\big@size=\dimen108
LaTeX Font Info:    Redeclaring font encoding OML on input line 566.
LaTeX Font Info:    Redeclaring font encoding OMS on input line 567.
\macc@depth=\count95
\c@MaxMatrixCols=\count96
\dotsspace@=\muskip10
\c@parentequation=\count97
\dspbrk@lvl=\count98
\tag@help=\toks17
\row@=\count99
\column@=\count100
\maxfields@=\count101
\andhelp@=\toks18
\eqnshift@=\dimen109
\alignsep@=\dimen110
\tagshift@=\dimen111
\tagwidth@=\dimen112
\totwidth@=\dimen113
\lineht@=\dimen114
\@envbody=\toks19
\multlinegap=\skip49
\multlinetaggap=\skip50
\mathdisplay@stack=\toks20
LaTeX Info: Redefining \[ on input line 2665.
LaTeX Info: Redefining \] on input line 2666.
)
(/usr/share/texlive/texmf-dist/tex/latex/rotating/rotating.sty
Package: rotating 2009/03/28 v2.16a rotated objects in LaTeX

(/usr/share/texlive/texmf-dist/tex/latex/base/ifthen.sty
Package: ifthen 2014/09/29 v1.1c Standard LaTeX ifthen package (DPC)
)
\c@r@tfl@t=\count102
\rotFPtop=\skip51
\rotFPbot=\skip52
\rot@float@box=\box28
\rot@mess@toks=\toks21
)
(/usr/share/texlive/texmf-dist/tex/latex/graphics/color.sty
Package: color 2014/04/23 v1.1a Standard LaTeX Color (DPC)

(/usr/share/texlive/texmf-dist/tex/latex/latexconfig/color.cfg
File: color.cfg 2007/01/18 v1.5 color configuration of teTeX/TeXLive
)
Package color Info: Driver file: pdftex.def on input line 137.
)
(/usr/share/texlive/texmf-dist/tex/latex/psnfss/times.sty
Package: times 2005/04/12 PSNFSS-v9.2a (SPQR) 
) (./PlanePaper.aux)
\openout1 = `PlanePaper.aux'.

LaTeX Font Info:    Checking defaults for OML/cmm/m/it on input line 24.
LaTeX Font Info:    ... okay on input line 24.
LaTeX Font Info:    Checking defaults for T1/cmr/m/n on input line 24.
LaTeX Font Info:    ... okay on input line 24.
LaTeX Font Info:    Checking defaults for OT1/cmr/m/n on input line 24.
LaTeX Font Info:    ... okay on input line 24.
LaTeX Font Info:    Checking defaults for OMS/cmsy/m/n on input line 24.
LaTeX Font Info:    ... okay on input line 24.
LaTeX Font Info:    Checking defaults for OMX/cmex/m/n on input line 24.
LaTeX Font Info:    ... okay on input line 24.
LaTeX Font Info:    Checking defaults for U/cmr/m/n on input line 24.
LaTeX Font Info:    ... okay on input line 24.
LaTeX Font Info:    Try loading font information for OT1+ptm on input line 24.

(/usr/share/texlive/texmf-dist/tex/latex/psnfss/ot1ptm.fd
File: ot1ptm.fd 2001/06/04 font definitions for OT1/ptm.
)
(/usr/share/texlive/texmf-dist/tex/context/base/supp-pdf.mkii
[Loading MPS to PDF converter (version 2006.09.02).]
\scratchcounter=\count103
\scratchdimen=\dimen115
\scratchbox=\box29
\nofMPsegments=\count104
\nofMParguments=\count105
\everyMPshowfont=\toks22
\MPscratchCnt=\count106
\MPscratchDim=\dimen116
\MPnumerator=\count107
\makeMPintoPDFobject=\count108
\everyMPtoPDFconversion=\toks23
) (/usr/share/texlive/texmf-dist/tex/generic/oberdiek/pdftexcmds.sty
Package: pdftexcmds 2011/11/29 v0.20 Utility functions of pdfTeX for LuaTeX (HO
)

(/usr/share/texlive/texmf-dist/tex/generic/oberdiek/ifluatex.sty
Package: ifluatex 2010/03/01 v1.3 Provides the ifluatex switch (HO)
Package ifluatex Info: LuaTeX not detected.
)
(/usr/share/texlive/texmf-dist/tex/generic/oberdiek/ifpdf.sty
Package: ifpdf 2011/01/30 v2.3 Provides the ifpdf switch (HO)
Package ifpdf Info: pdfTeX in PDF mode is detected.
)
Package pdftexcmds Info: LuaTeX not detected.
Package pdftexcmds Info: \pdf@primitive is available.
Package pdftexcmds Info: \pdf@ifprimitive is available.
Package pdftexcmds Info: \pdfdraftmode found.
)
(/usr/share/texlive/texmf-dist/tex/latex/oberdiek/epstopdf-base.sty
Package: epstopdf-base 2010/02/09 v2.5 Base part for package epstopdf

(/usr/share/texlive/texmf-dist/tex/latex/oberdiek/grfext.sty
Package: grfext 2010/08/19 v1.1 Manage graphics extensions (HO)

(/usr/share/texlive/texmf-dist/tex/generic/oberdiek/kvdefinekeys.sty
Package: kvdefinekeys 2011/04/07 v1.3 Define keys (HO)
))
(/usr/share/texlive/texmf-dist/tex/latex/oberdiek/kvoptions.sty
Package: kvoptions 2011/06/30 v3.11 Key value format for package options (HO)

(/usr/share/texlive/texmf-dist/tex/generic/oberdiek/kvsetkeys.sty
Package: kvsetkeys 2012/04/25 v1.16 Key value parser (HO)

(/usr/share/texlive/texmf-dist/tex/generic/oberdiek/etexcmds.sty
Package: etexcmds 2011/02/16 v1.5 Avoid name clashes with e-TeX commands (HO)
Package etexcmds Info: Could not find \expanded.
(etexcmds)             That can mean that you are not using pdfTeX 1.50 or
(etexcmds)             that some package has redefined \expanded.
(etexcmds)             In the latter case, load this package earlier.
)))
Package grfext Info: Graphics extension search list:
(grfext)             [.png,.pdf,.jpg,.mps,.jpeg,.jbig2,.jb2,.PNG,.PDF,.JPG,.JPE
G,.JBIG2,.JB2,.eps]
(grfext)             \AppendGraphicsExtensions on input line 452.

(/usr/share/texlive/texmf-dist/tex/latex/latexconfig/epstopdf-sys.cfg
File: epstopdf-sys.cfg 2010/07/13 v1.3 Configuration of (r)epstopdf for TeX Liv
e
))
LaTeX Font Info:    Font shape `OT1/ptm/bx/n' in size <17.28> not available
(Font)              Font shape `OT1/ptm/b/n' tried instead on input line 173.
LaTeX Font Info:    Try loading font information for U+eur on input line 173.

(/usr/share/texlive/texmf-dist/tex/latex/amsfonts/ueur.fd
File: ueur.fd 2013/01/14 v3.01 Euler Roman
)
LaTeX Font Info:    Try loading font information for U+msa on input line 173.

(/usr/share/texlive/texmf-dist/tex/latex/amsfonts/umsa.fd
File: umsa.fd 2013/01/14 v3.01 AMS symbols A
)
Underfull \hbox (badness 10000) in paragraph at lines 173--173

 []


Underfull \hbox (badness 10000) in paragraph at lines 173--173

 []


Overfull \hbox (7.2pt too wide) in paragraph at lines 173--173
[][]  
 []

LaTeX Font Info:    Font shape `OT1/ptm/bx/n' in size <9> not available
(Font)              Font shape `OT1/ptm/b/n' tried instead on input line 177.

Underfull \hbox (badness 10000) in paragraph at lines 177--178

 []

LaTeX Font Info:    Font shape `OT1/ptm/bx/n' in size <10> not available
(Font)              Font shape `OT1/ptm/b/n' tried instead on input line 181.
LaTeX Font Info:    Font shape `OT1/ptm/bx/n' in size <8> not available
(Font)              Font shape `OT1/ptm/b/n' tried instead on input line 271.

Package natbib Warning: Citation `2006MNRAS.366..996G' on page 1 undefined on i
nput line 296.


Package natbib Warning: Citation `2005ApJ...635..931B' on page 1 undefined on i
nput line 296.


Package natbib Warning: Citation `2006MNRAS.366..996G' on page 1 undefined on i
nput line 296.


Package natbib Warning: Citation `2005ApJ...635..931B' on page 1 undefined on i
nput line 296.


Package natbib Warning: Citation `2013ApJ...766..120C' on page 1 undefined on i
nput line 306.


Package natbib Warning: Citation `2013Natur.493...62I' on page 1 undefined on i
nput line 306.


Package natbib Warning: Citation `2006MNRAS.366..996G' on page 1 undefined on i
nput line 333.


Package natbib Warning: Citation `1997ApJ...490..493N' on page 1 undefined on i
nput line 334.

LaTeX Font Info:    Try loading font information for OMS+ptm on input line 335.

(/usr/share/texlive/texmf-dist/tex/latex/psnfss/omsptm.fd
File: omsptm.fd 
)
LaTeX Font Info:    Font shape `OMS/ptm/m/n' in size <8> not available
(Font)              Font shape `OMS/cmsy/m/n' tried instead on input line 335.
 [1{/var/lib/texmf/fonts/map/pdftex/updmap/pdftex.map}


]

Package natbib Warning: Citation `1990ApJ...356..359H' on page 2 undefined on i
nput line 343.


Underfull \hbox (badness 10000) in paragraph at lines 347--348

 []


Package natbib Warning: Citation `1975PASJ...27..533M' on page 2 undefined on i
nput line 350.


Underfull \hbox (badness 10000) in paragraph at lines 353--354

 []

<yz_Fwd.jpg, id=18, 803.0pt x 602.25pt>
File: yz_Fwd.jpg Graphic file (type jpg)
 <use yz_Fwd.jpg>
Package pdftex.def Info: yz_Fwd.jpg used on input line 373.
(pdftex.def)             Requested size: 240.0pt x 179.99635pt.

<SnapshotSatellites_All_BeforeRotationM300_xy_All_Fwd_SSIMW_3000.jpg, id=19, 80
3.0pt x 602.25pt>
File: SnapshotSatellites_All_BeforeRotationM300_xy_All_Fwd_SSIMW_3000.jpg Graph
ic file (type jpg)

<use SnapshotSatellites_All_BeforeRotationM300_xy_All_Fwd_SSIMW_3000.jpg>
Package pdftex.def Info: SnapshotSatellites_All_BeforeRotationM300_xy_All_Fwd_S
SIMW_3000.jpg used on input line 374.
(pdftex.def)             Requested size: 120.0pt x 89.99358pt.

<SnapshotSatellites_All_BeforeRotationM300_xz_All_Fwd_SSIMW_3000.jpg, id=20, 80
3.0pt x 602.25pt>
File: SnapshotSatellites_All_BeforeRotationM300_xz_All_Fwd_SSIMW_3000.jpg Graph
ic file (type jpg)

<use SnapshotSatellites_All_BeforeRotationM300_xz_All_Fwd_SSIMW_3000.jpg>
Package pdftex.def Info: SnapshotSatellites_All_BeforeRotationM300_xz_All_Fwd_S
SIMW_3000.jpg used on input line 374.
(pdftex.def)             Requested size: 120.0pt x 89.99358pt.

<yz_Bwd.jpg, id=21, 803.0pt x 602.25pt>
File: yz_Bwd.jpg Graphic file (type jpg)
 <use yz_Bwd.jpg>
Package pdftex.def Info: yz_Bwd.jpg used on input line 375.
(pdftex.def)             Requested size: 240.0pt x 179.99635pt.

<SnapshotSatellites_All_BeforeRotationM300_xy_All_Bwd_SSIMW_3000.jpg, id=22, 80
3.0pt x 602.25pt>
File: SnapshotSatellites_All_BeforeRotationM300_xy_All_Bwd_SSIMW_3000.jpg Graph
ic file (type jpg)

<use SnapshotSatellites_All_BeforeRotationM300_xy_All_Bwd_SSIMW_3000.jpg>
Package pdftex.def Info: SnapshotSatellites_All_BeforeRotationM300_xy_All_Bwd_S
SIMW_3000.jpg used on input line 376.
(pdftex.def)             Requested size: 120.0pt x 89.99358pt.

<SnapshotSatellites_All_BeforeRotationM300_xz_All_Bwd_SSIMW_3000.jpg, id=23, 80
3.0pt x 602.25pt>
File: SnapshotSatellites_All_BeforeRotationM300_xz_All_Bwd_SSIMW_3000.jpg Graph
ic file (type jpg)

<use SnapshotSatellites_All_BeforeRotationM300_xz_All_Bwd_SSIMW_3000.jpg>
Package pdftex.def Info: SnapshotSatellites_All_BeforeRotationM300_xz_All_Bwd_S
SIMW_3000.jpg used on input line 376.
(pdftex.def)             Requested size: 120.0pt x 89.99358pt.

(./PlanePaper.bbl)

Package natbib Warning: There were undefined citations.


Underfull \vbox (badness 10000) has occurred while \output is active []

 [2 <./yz_Fwd.jpg> <./SnapshotSatellites_All_BeforeRotationM300_xy_All_Fwd_SSIM
W_3000.jpg> <./SnapshotSatellites_All_BeforeRotationM300_xz_All_Fwd_SSIMW_3000.
jpg> <./yz_Bwd.jpg> <./SnapshotSatellites_All_BeforeRotationM300_xy_All_Bwd_SSI
MW_3000.jpg> <./SnapshotSatellites_All_BeforeRotationM300_xz_All_Bwd_SSIMW_3000
.jpg>]
(./PlanePaper.aux

Package natbib Warning: Citation(s) may have changed.
(natbib)                Rerun to get citations correct.

) ) 
Here is how much of TeX's memory you used:
 3021 strings out of 495020
 40161 string characters out of 6181325
 105722 words of memory out of 5000000
 6160 multiletter control sequences out of 15000+600000
 35113 words of font info for 80 fonts, out of 8000000 for 9000
 14 hyphenation exceptions out of 8191
 38i,17n,34p,359b,339s stack positions out of 5000i,500n,10000p,200000b,80000s
{/usr/share/texlive/texmf-dist/fonts/enc/dvips/base/8r.enc}</usr/share/texli
ve/texmf-dist/fonts/type1/public/amsfonts/cmextra/cmex9.pfb></usr/share/texlive
/texmf-dist/fonts/type1/public/amsfonts/cm/cmmi10.pfb></usr/share/texlive/texmf
-dist/fonts/type1/public/amsfonts/cm/cmmi6.pfb></usr/share/texlive/texmf-dist/f
onts/type1/public/amsfonts/cm/cmmi8.pfb></usr/share/texlive/texmf-dist/fonts/ty
pe1/public/amsfonts/cm/cmmi9.pfb></usr/share/texlive/texmf-dist/fonts/type1/pub
lic/amsfonts/cm/cmr10.pfb></usr/share/texlive/texmf-dist/fonts/type1/public/ams
fonts/cm/cmr5.pfb></usr/share/texlive/texmf-dist/fonts/type1/public/amsfonts/cm
/cmr6.pfb></usr/share/texlive/texmf-dist/fonts/type1/public/amsfonts/cm/cmr8.pf
b></usr/share/texlive/texmf-dist/fonts/type1/public/amsfonts/cm/cmr9.pfb></usr/
share/texlive/texmf-dist/fonts/type1/public/amsfonts/cm/cmsy6.pfb></usr/share/t
exlive/texmf-dist/fonts/type1/public/amsfonts/cm/cmsy8.pfb></usr/share/texlive/
texmf-dist/fonts/type1/public/amsfonts/cm/cmsy9.pfb></usr/share/texlive/texmf-d
ist/fonts/type1/urw/times/utmb8a.pfb></usr/share/texlive/texmf-dist/fonts/type1
/urw/times/utmr8a.pfb></usr/share/texlive/texmf-dist/fonts/type1/urw/times/utmr
i8a.pfb>
Output written on PlanePaper.pdf (2 pages, 450361 bytes).
PDF statistics:
 82 PDF objects out of 1000 (max. 8388607)
 55 compressed objects within 1 object stream
 0 named destinations out of 1000 (max. 500000)
 31 words of extra memory for PDF output out of 10000 (max. 10000000)

